/Library/Frameworks/Python.framework/Versions/3.8/lib/python3.8/site-packages/version_stamp/vmn.py:2717 => 2023-04-08 00:42:22 - [DEBUG] 
[1mCommand line: /Library/Frameworks/Python.framework/Versions/3.8/bin/vmn stamp -r patch vmna[0m
/Library/Frameworks/Python.framework/Versions/3.8/lib/python3.8/site-packages/git/cmd.py:814 => 2023-04-08 00:42:22 - [DEBUG] Popen(['git', 'rev-parse', '--abbrev-ref', '--symbolic-full-name', 'main@{u}'], cwd=/Users/yuvalaharonifabric/Repository/vmn-action, universal_newlines=False, shell=None, istream=None)
/Library/Frameworks/Python.framework/Versions/3.8/lib/python3.8/site-packages/git/cmd.py:814 => 2023-04-08 00:42:22 - [DEBUG] Popen(['git', 'remote', 'get-url', '--all', 'origin'], cwd=/Users/yuvalaharonifabric/Repository/vmn-action, universal_newlines=False, shell=None, istream=None)
/Library/Frameworks/Python.framework/Versions/3.8/lib/python3.8/site-packages/git/cmd.py:814 => 2023-04-08 00:42:22 - [DEBUG] Popen(['git', 'cat-file', '--batch-check'], cwd=/Users/yuvalaharonifabric/Repository/vmn-action, universal_newlines=False, shell=None, istream=<valid stream>)
/Library/Frameworks/Python.framework/Versions/3.8/lib/python3.8/site-packages/git/cmd.py:814 => 2023-04-08 00:42:22 - [DEBUG] Popen(['git', 'cat-file', '--batch'], cwd=/Users/yuvalaharonifabric/Repository/vmn-action, universal_newlines=False, shell=None, istream=<valid stream>)
/Library/Frameworks/Python.framework/Versions/3.8/lib/python3.8/site-packages/git/cmd.py:814 => 2023-04-08 00:42:22 - [DEBUG] Popen(['git', 'cat-file', '--batch-check'], cwd=/Users/yuvalaharonifabric/Repository/vmn-action, universal_newlines=False, shell=None, istream=<valid stream>)
/Library/Frameworks/Python.framework/Versions/3.8/lib/python3.8/site-packages/git/cmd.py:814 => 2023-04-08 00:42:22 - [DEBUG] Popen(['git', 'remote', 'get-url', '--all', 'origin'], cwd=/Users/yuvalaharonifabric/Repository/vmn-action, universal_newlines=False, shell=None, istream=None)
/Library/Frameworks/Python.framework/Versions/3.8/lib/python3.8/site-packages/version_stamp/stamp_utils.py:892 => 2023-04-08 00:42:22 - [DEBUG] Going to run: git log --grep=^vmna: Stamped -1 --author=vmn --pretty=%H,,,%D --decorate=short HEAD
/Library/Frameworks/Python.framework/Versions/3.8/lib/python3.8/site-packages/git/cmd.py:814 => 2023-04-08 00:42:22 - [DEBUG] Popen(['git', 'log', '--grep=^vmna: Stamped', '-1', '--author=vmn', '--pretty=%H,,,%D', '--decorate=short', 'HEAD'], cwd=/Users/yuvalaharonifabric/Repository/vmn-action, universal_newlines=False, shell=None, istream=None)
/Library/Frameworks/Python.framework/Versions/3.8/lib/python3.8/site-packages/git/cmd.py:814 => 2023-04-08 00:42:22 - [DEBUG] Popen(['git', 'diff', '--cached', '--abbrev=40', '--full-index', '--raw'], cwd=/Users/yuvalaharonifabric/Repository/vmn-action, universal_newlines=False, shell=None, istream=None)
/Library/Frameworks/Python.framework/Versions/3.8/lib/python3.8/site-packages/git/cmd.py:814 => 2023-04-08 00:42:22 - [DEBUG] Popen(['git', 'diff', '--abbrev=40', '--full-index', '--raw'], cwd=/Users/yuvalaharonifabric/Repository/vmn-action, universal_newlines=False, shell=None, istream=None)
/Library/Frameworks/Python.framework/Versions/3.8/lib/python3.8/site-packages/git/cmd.py:814 => 2023-04-08 00:42:22 - [DEBUG] Popen(['git', 'rev-parse', '--verify', 'origin/main'], cwd=/Users/yuvalaharonifabric/Repository/vmn-action, universal_newlines=False, shell=None, istream=None)
/Library/Frameworks/Python.framework/Versions/3.8/lib/python3.8/site-packages/git/cmd.py:814 => 2023-04-08 00:42:22 - [DEBUG] Popen(['git', 'rev-list', 'origin/main..main', '--'], cwd=/Users/yuvalaharonifabric/Repository/vmn-action, universal_newlines=False, shell=None, istream=None)
/Library/Frameworks/Python.framework/Versions/3.8/lib/python3.8/site-packages/git/cmd.py:814 => 2023-04-08 00:42:22 - [DEBUG] Popen(['git', 'fetch', '--tags'], cwd=/Users/yuvalaharonifabric/Repository/vmn-action, universal_newlines=False, shell=None, istream=None)
/Library/Frameworks/Python.framework/Versions/3.8/lib/python3.8/site-packages/git/cmd.py:814 => 2023-04-08 00:42:22 - [DEBUG] Popen(['git', 'tag', '--sort', 'taggerdate', '--list', 'vmna_0.1*'], cwd=/Users/yuvalaharonifabric/Repository/vmn-action, universal_newlines=False, shell=None, istream=None)
/Library/Frameworks/Python.framework/Versions/3.8/lib/python3.8/site-packages/git/cmd.py:814 => 2023-04-08 00:42:22 - [DEBUG] Popen(['git', 'diff', '--abbrev=40', '--full-index', '-M', '--raw', '-z', '--no-color'], cwd=/Users/yuvalaharonifabric/Repository/vmn-action, universal_newlines=False, shell=None, istream=None)
/Library/Frameworks/Python.framework/Versions/3.8/lib/python3.8/site-packages/git/cmd.py:814 => 2023-04-08 00:42:22 - [DEBUG] Popen(['git', 'status', '--porcelain', '--untracked-files'], cwd=/Users/yuvalaharonifabric/Repository/vmn-action, universal_newlines=False, shell=None, istream=None)
/Library/Frameworks/Python.framework/Versions/3.8/lib/python3.8/site-packages/git/cmd.py:814 => 2023-04-08 00:42:24 - [DEBUG] Popen(['git', 'tag', '-m', "stamping:\n  app:\n    _version: 0.1.45\n    changesets:\n      .:\n        hash: 3b057a7fd0a596bb3310adc8ccea85f0d74f175c\n        remote: https://github.com/progovoy/vmn-action.git\n        vcs_type: git\n    info: {}\n    name: vmna\n    prerelease: release\n    prerelease_count: {}\n    previous_version: 0.1.44\n    release_mode: patch\n    stamped_on_branch: main\n    stamped_on_remote_branch: origin/main\nvmn_info:\n  description_message_version: '1.1'\n  vmn_version: 0.8.0-rc20\n", 'vmna_0.1.45', 'HEAD'], cwd=/Users/yuvalaharonifabric/Repository/vmn-action, universal_newlines=False, shell=None, istream=None)
/Library/Frameworks/Python.framework/Versions/3.8/lib/python3.8/site-packages/git/cmd.py:814 => 2023-04-08 00:42:24 - [DEBUG] Popen(['git', 'push', '--porcelain', '-o', 'ci.skip', 'origin', 'refs/heads/main:main'], cwd=/Users/yuvalaharonifabric/Repository/vmn-action, universal_newlines=True, shell=None, istream=None)
/Library/Frameworks/Python.framework/Versions/3.8/lib/python3.8/site-packages/git/cmd.py:814 => 2023-04-08 00:42:25 - [DEBUG] Popen(['git', 'push', '--porcelain', '-o', 'ci.skip', 'origin', 'refs/tags/vmna_0.1.45'], cwd=/Users/yuvalaharonifabric/Repository/vmn-action, universal_newlines=True, shell=None, istream=None)
/Library/Frameworks/Python.framework/Versions/3.8/lib/python3.8/site-packages/git/cmd.py:814 => 2023-04-08 00:42:26 - [DEBUG] Popen(['git', 'rev-parse', '--verify', 'origin/main'], cwd=/Users/yuvalaharonifabric/Repository/vmn-action, universal_newlines=False, shell=None, istream=None)
/Library/Frameworks/Python.framework/Versions/3.8/lib/python3.8/site-packages/git/cmd.py:814 => 2023-04-08 00:42:26 - [DEBUG] Popen(['git', 'rev-list', 'origin/main..main', '--'], cwd=/Users/yuvalaharonifabric/Repository/vmn-action, universal_newlines=False, shell=None, istream=None)
/Library/Frameworks/Python.framework/Versions/3.8/lib/python3.8/site-packages/version_stamp/vmn.py:1464 => 2023-04-08 00:42:26 - [INFO] 0.1.45
/Library/Frameworks/Python.framework/Versions/3.8/lib/python3.8/site-packages/filelock/_api.py:209 => 2023-04-08 00:42:26 - [DEBUG] Attempting to release lock 140216992372960 on /Users/yuvalaharonifabric/Repository/vmn-action/.vmn/vmn.lock
/Library/Frameworks/Python.framework/Versions/3.8/lib/python3.8/site-packages/filelock/_api.py:212 => 2023-04-08 00:42:26 - [DEBUG] Lock 140216992372960 released on /Users/yuvalaharonifabric/Repository/vmn-action/.vmn/vmn.lock
/Library/Frameworks/Python.framework/Versions/3.8/lib/python3.8/site-packages/version_stamp/vmn.py:2717 => 2023-04-08 00:45:04 - [DEBUG] 
[1mCommand line: /Library/Frameworks/Python.framework/Versions/3.8/bin/vmn stamp -r patch vmna[0m
/Library/Frameworks/Python.framework/Versions/3.8/lib/python3.8/site-packages/git/cmd.py:814 => 2023-04-08 00:45:04 - [DEBUG] Popen(['git', 'rev-parse', '--abbrev-ref', '--symbolic-full-name', 'main@{u}'], cwd=/Users/yuvalaharonifabric/Repository/vmn-action, universal_newlines=False, shell=None, istream=None)
/Library/Frameworks/Python.framework/Versions/3.8/lib/python3.8/site-packages/git/cmd.py:814 => 2023-04-08 00:45:04 - [DEBUG] Popen(['git', 'remote', 'get-url', '--all', 'origin'], cwd=/Users/yuvalaharonifabric/Repository/vmn-action, universal_newlines=False, shell=None, istream=None)
/Library/Frameworks/Python.framework/Versions/3.8/lib/python3.8/site-packages/git/cmd.py:814 => 2023-04-08 00:45:04 - [DEBUG] Popen(['git', 'cat-file', '--batch-check'], cwd=/Users/yuvalaharonifabric/Repository/vmn-action, universal_newlines=False, shell=None, istream=<valid stream>)
/Library/Frameworks/Python.framework/Versions/3.8/lib/python3.8/site-packages/git/cmd.py:814 => 2023-04-08 00:45:04 - [DEBUG] Popen(['git', 'cat-file', '--batch'], cwd=/Users/yuvalaharonifabric/Repository/vmn-action, universal_newlines=False, shell=None, istream=<valid stream>)
/Library/Frameworks/Python.framework/Versions/3.8/lib/python3.8/site-packages/git/cmd.py:814 => 2023-04-08 00:45:04 - [DEBUG] Popen(['git', 'cat-file', '--batch-check'], cwd=/Users/yuvalaharonifabric/Repository/vmn-action, universal_newlines=False, shell=None, istream=<valid stream>)
/Library/Frameworks/Python.framework/Versions/3.8/lib/python3.8/site-packages/git/cmd.py:814 => 2023-04-08 00:45:04 - [DEBUG] Popen(['git', 'remote', 'get-url', '--all', 'origin'], cwd=/Users/yuvalaharonifabric/Repository/vmn-action, universal_newlines=False, shell=None, istream=None)
/Library/Frameworks/Python.framework/Versions/3.8/lib/python3.8/site-packages/version_stamp/stamp_utils.py:892 => 2023-04-08 00:45:04 - [DEBUG] Going to run: git log --grep=^vmna: Stamped -1 --author=vmn --pretty=%H,,,%D --decorate=short HEAD
/Library/Frameworks/Python.framework/Versions/3.8/lib/python3.8/site-packages/git/cmd.py:814 => 2023-04-08 00:45:04 - [DEBUG] Popen(['git', 'log', '--grep=^vmna: Stamped', '-1', '--author=vmn', '--pretty=%H,,,%D', '--decorate=short', 'HEAD'], cwd=/Users/yuvalaharonifabric/Repository/vmn-action, universal_newlines=False, shell=None, istream=None)
/Library/Frameworks/Python.framework/Versions/3.8/lib/python3.8/site-packages/git/cmd.py:814 => 2023-04-08 00:45:04 - [DEBUG] Popen(['git', 'diff', '--cached', '--abbrev=40', '--full-index', '--raw'], cwd=/Users/yuvalaharonifabric/Repository/vmn-action, universal_newlines=False, shell=None, istream=None)
/Library/Frameworks/Python.framework/Versions/3.8/lib/python3.8/site-packages/git/cmd.py:814 => 2023-04-08 00:45:04 - [DEBUG] Popen(['git', 'diff', '--abbrev=40', '--full-index', '--raw'], cwd=/Users/yuvalaharonifabric/Repository/vmn-action, universal_newlines=False, shell=None, istream=None)
/Library/Frameworks/Python.framework/Versions/3.8/lib/python3.8/site-packages/git/cmd.py:814 => 2023-04-08 00:45:04 - [DEBUG] Popen(['git', 'rev-parse', '--verify', 'origin/main'], cwd=/Users/yuvalaharonifabric/Repository/vmn-action, universal_newlines=False, shell=None, istream=None)
/Library/Frameworks/Python.framework/Versions/3.8/lib/python3.8/site-packages/git/cmd.py:814 => 2023-04-08 00:45:04 - [DEBUG] Popen(['git', 'rev-list', 'origin/main..main', '--'], cwd=/Users/yuvalaharonifabric/Repository/vmn-action, universal_newlines=False, shell=None, istream=None)
/Library/Frameworks/Python.framework/Versions/3.8/lib/python3.8/site-packages/git/cmd.py:814 => 2023-04-08 00:45:04 - [DEBUG] Popen(['git', 'tag', '--sort', 'taggerdate', '--list', 'vmna_0.1*'], cwd=/Users/yuvalaharonifabric/Repository/vmn-action, universal_newlines=False, shell=None, istream=None)
/Library/Frameworks/Python.framework/Versions/3.8/lib/python3.8/site-packages/git/cmd.py:814 => 2023-04-08 00:45:04 - [DEBUG] Popen(['git', 'diff', '--abbrev=40', '--full-index', '-M', '--raw', '-z', '--no-color'], cwd=/Users/yuvalaharonifabric/Repository/vmn-action, universal_newlines=False, shell=None, istream=None)
/Library/Frameworks/Python.framework/Versions/3.8/lib/python3.8/site-packages/git/cmd.py:814 => 2023-04-08 00:45:04 - [DEBUG] Popen(['git', 'status', '--porcelain', '--untracked-files'], cwd=/Users/yuvalaharonifabric/Repository/vmn-action, universal_newlines=False, shell=None, istream=None)
/Library/Frameworks/Python.framework/Versions/3.8/lib/python3.8/site-packages/git/cmd.py:814 => 2023-04-08 00:45:06 - [DEBUG] Popen(['git', 'tag', '-m', "stamping:\n  app:\n    _version: 0.1.46\n    changesets:\n      .:\n        hash: ea88c584bf9692e5bfe8e93935589746841c8b52\n        remote: https://github.com/progovoy/vmn-action.git\n        vcs_type: git\n    info: {}\n    name: vmna\n    prerelease: release\n    prerelease_count: {}\n    previous_version: 0.1.45\n    release_mode: patch\n    stamped_on_branch: main\n    stamped_on_remote_branch: origin/main\nvmn_info:\n  description_message_version: '1.1'\n  vmn_version: 0.8.0-rc20\n", 'vmna_0.1.46', 'HEAD'], cwd=/Users/yuvalaharonifabric/Repository/vmn-action, universal_newlines=False, shell=None, istream=None)
/Library/Frameworks/Python.framework/Versions/3.8/lib/python3.8/site-packages/git/cmd.py:814 => 2023-04-08 00:45:06 - [DEBUG] Popen(['git', 'push', '--porcelain', '-o', 'ci.skip', 'origin', 'refs/heads/main:main'], cwd=/Users/yuvalaharonifabric/Repository/vmn-action, universal_newlines=True, shell=None, istream=None)
/Library/Frameworks/Python.framework/Versions/3.8/lib/python3.8/site-packages/git/cmd.py:814 => 2023-04-08 00:45:07 - [DEBUG] Popen(['git', 'push', '--porcelain', '-o', 'ci.skip', 'origin', 'refs/tags/vmna_0.1.46'], cwd=/Users/yuvalaharonifabric/Repository/vmn-action, universal_newlines=True, shell=None, istream=None)
/Library/Frameworks/Python.framework/Versions/3.8/lib/python3.8/site-packages/git/cmd.py:814 => 2023-04-08 00:45:08 - [DEBUG] Popen(['git', 'rev-parse', '--verify', 'origin/main'], cwd=/Users/yuvalaharonifabric/Repository/vmn-action, universal_newlines=False, shell=None, istream=None)
/Library/Frameworks/Python.framework/Versions/3.8/lib/python3.8/site-packages/git/cmd.py:814 => 2023-04-08 00:45:08 - [DEBUG] Popen(['git', 'rev-list', 'origin/main..main', '--'], cwd=/Users/yuvalaharonifabric/Repository/vmn-action, universal_newlines=False, shell=None, istream=None)
/Library/Frameworks/Python.framework/Versions/3.8/lib/python3.8/site-packages/version_stamp/vmn.py:1464 => 2023-04-08 00:45:08 - [INFO] 0.1.46
/Library/Frameworks/Python.framework/Versions/3.8/lib/python3.8/site-packages/filelock/_api.py:209 => 2023-04-08 00:45:08 - [DEBUG] Attempting to release lock 140288798857440 on /Users/yuvalaharonifabric/Repository/vmn-action/.vmn/vmn.lock
/Library/Frameworks/Python.framework/Versions/3.8/lib/python3.8/site-packages/filelock/_api.py:212 => 2023-04-08 00:45:08 - [DEBUG] Lock 140288798857440 released on /Users/yuvalaharonifabric/Repository/vmn-action/.vmn/vmn.lock
/Library/Frameworks/Python.framework/Versions/3.8/lib/python3.8/site-packages/version_stamp/vmn.py:2717 => 2023-04-08 01:19:08 - [DEBUG] 
[1mCommand line: /Library/Frameworks/Python.framework/Versions/3.8/bin/vmn stamp -r patch vmna[0m
/Library/Frameworks/Python.framework/Versions/3.8/lib/python3.8/site-packages/git/cmd.py:814 => 2023-04-08 01:19:08 - [DEBUG] Popen(['git', 'rev-parse', '--abbrev-ref', '--symbolic-full-name', 'main@{u}'], cwd=/Users/yuvalaharonifabric/Repository/vmn-action, universal_newlines=False, shell=None, istream=None)
/Library/Frameworks/Python.framework/Versions/3.8/lib/python3.8/site-packages/git/cmd.py:814 => 2023-04-08 01:19:08 - [DEBUG] Popen(['git', 'remote', 'get-url', '--all', 'origin'], cwd=/Users/yuvalaharonifabric/Repository/vmn-action, universal_newlines=False, shell=None, istream=None)
/Library/Frameworks/Python.framework/Versions/3.8/lib/python3.8/site-packages/git/cmd.py:814 => 2023-04-08 01:19:08 - [DEBUG] Popen(['git', 'cat-file', '--batch-check'], cwd=/Users/yuvalaharonifabric/Repository/vmn-action, universal_newlines=False, shell=None, istream=<valid stream>)
/Library/Frameworks/Python.framework/Versions/3.8/lib/python3.8/site-packages/git/cmd.py:814 => 2023-04-08 01:19:08 - [DEBUG] Popen(['git', 'cat-file', '--batch'], cwd=/Users/yuvalaharonifabric/Repository/vmn-action, universal_newlines=False, shell=None, istream=<valid stream>)
/Library/Frameworks/Python.framework/Versions/3.8/lib/python3.8/site-packages/git/cmd.py:814 => 2023-04-08 01:19:08 - [DEBUG] Popen(['git', 'cat-file', '--batch-check'], cwd=/Users/yuvalaharonifabric/Repository/vmn-action, universal_newlines=False, shell=None, istream=<valid stream>)
/Library/Frameworks/Python.framework/Versions/3.8/lib/python3.8/site-packages/git/cmd.py:814 => 2023-04-08 01:19:08 - [DEBUG] Popen(['git', 'remote', 'get-url', '--all', 'origin'], cwd=/Users/yuvalaharonifabric/Repository/vmn-action, universal_newlines=False, shell=None, istream=None)
/Library/Frameworks/Python.framework/Versions/3.8/lib/python3.8/site-packages/version_stamp/stamp_utils.py:892 => 2023-04-08 01:19:08 - [DEBUG] Going to run: git log --grep=^vmna: Stamped -1 --author=vmn --pretty=%H,,,%D --decorate=short HEAD
/Library/Frameworks/Python.framework/Versions/3.8/lib/python3.8/site-packages/git/cmd.py:814 => 2023-04-08 01:19:08 - [DEBUG] Popen(['git', 'log', '--grep=^vmna: Stamped', '-1', '--author=vmn', '--pretty=%H,,,%D', '--decorate=short', 'HEAD'], cwd=/Users/yuvalaharonifabric/Repository/vmn-action, universal_newlines=False, shell=None, istream=None)
/Library/Frameworks/Python.framework/Versions/3.8/lib/python3.8/site-packages/git/cmd.py:814 => 2023-04-08 01:19:08 - [DEBUG] Popen(['git', 'diff', '--cached', '--abbrev=40', '--full-index', '--raw'], cwd=/Users/yuvalaharonifabric/Repository/vmn-action, universal_newlines=False, shell=None, istream=None)
/Library/Frameworks/Python.framework/Versions/3.8/lib/python3.8/site-packages/git/cmd.py:814 => 2023-04-08 01:19:08 - [DEBUG] Popen(['git', 'diff', '--abbrev=40', '--full-index', '--raw'], cwd=/Users/yuvalaharonifabric/Repository/vmn-action, universal_newlines=False, shell=None, istream=None)
/Library/Frameworks/Python.framework/Versions/3.8/lib/python3.8/site-packages/git/cmd.py:814 => 2023-04-08 01:19:08 - [DEBUG] Popen(['git', 'rev-parse', '--verify', 'origin/main'], cwd=/Users/yuvalaharonifabric/Repository/vmn-action, universal_newlines=False, shell=None, istream=None)
/Library/Frameworks/Python.framework/Versions/3.8/lib/python3.8/site-packages/git/cmd.py:814 => 2023-04-08 01:19:08 - [DEBUG] Popen(['git', 'rev-list', 'origin/main..main', '--'], cwd=/Users/yuvalaharonifabric/Repository/vmn-action, universal_newlines=False, shell=None, istream=None)
/Library/Frameworks/Python.framework/Versions/3.8/lib/python3.8/site-packages/git/cmd.py:814 => 2023-04-08 01:19:08 - [DEBUG] Popen(['git', 'fetch', '--tags'], cwd=/Users/yuvalaharonifabric/Repository/vmn-action, universal_newlines=False, shell=None, istream=None)
/Library/Frameworks/Python.framework/Versions/3.8/lib/python3.8/site-packages/git/cmd.py:814 => 2023-04-08 01:19:09 - [DEBUG] Popen(['git', 'tag', '--sort', 'taggerdate', '--list', 'vmna_0.1*'], cwd=/Users/yuvalaharonifabric/Repository/vmn-action, universal_newlines=False, shell=None, istream=None)
/Library/Frameworks/Python.framework/Versions/3.8/lib/python3.8/site-packages/git/cmd.py:814 => 2023-04-08 01:19:09 - [DEBUG] Popen(['git', 'diff', '--abbrev=40', '--full-index', '-M', '--raw', '-z', '--no-color'], cwd=/Users/yuvalaharonifabric/Repository/vmn-action, universal_newlines=False, shell=None, istream=None)
/Library/Frameworks/Python.framework/Versions/3.8/lib/python3.8/site-packages/git/cmd.py:814 => 2023-04-08 01:19:09 - [DEBUG] Popen(['git', 'status', '--porcelain', '--untracked-files'], cwd=/Users/yuvalaharonifabric/Repository/vmn-action, universal_newlines=False, shell=None, istream=None)
/Library/Frameworks/Python.framework/Versions/3.8/lib/python3.8/site-packages/git/cmd.py:814 => 2023-04-08 01:19:10 - [DEBUG] Popen(['git', 'tag', '-m', "stamping:\n  app:\n    _version: 0.1.47\n    changesets:\n      .:\n        hash: d9fdc2b6668b667062a975ef899644ec19dd5365\n        remote: https://github.com/progovoy/vmn-action.git\n        vcs_type: git\n    info: {}\n    name: vmna\n    prerelease: release\n    prerelease_count: {}\n    previous_version: 0.1.46\n    release_mode: patch\n    stamped_on_branch: main\n    stamped_on_remote_branch: origin/main\nvmn_info:\n  description_message_version: '1.1'\n  vmn_version: 0.8.0-rc20\n", 'vmna_0.1.47', 'HEAD'], cwd=/Users/yuvalaharonifabric/Repository/vmn-action, universal_newlines=False, shell=None, istream=None)
/Library/Frameworks/Python.framework/Versions/3.8/lib/python3.8/site-packages/git/cmd.py:814 => 2023-04-08 01:19:10 - [DEBUG] Popen(['git', 'push', '--porcelain', '-o', 'ci.skip', 'origin', 'refs/heads/main:main'], cwd=/Users/yuvalaharonifabric/Repository/vmn-action, universal_newlines=True, shell=None, istream=None)
/Library/Frameworks/Python.framework/Versions/3.8/lib/python3.8/site-packages/git/cmd.py:814 => 2023-04-08 01:19:11 - [DEBUG] Popen(['git', 'push', '--porcelain', '-o', 'ci.skip', 'origin', 'refs/tags/vmna_0.1.47'], cwd=/Users/yuvalaharonifabric/Repository/vmn-action, universal_newlines=True, shell=None, istream=None)
/Library/Frameworks/Python.framework/Versions/3.8/lib/python3.8/site-packages/git/cmd.py:814 => 2023-04-08 01:19:12 - [DEBUG] Popen(['git', 'rev-parse', '--verify', 'origin/main'], cwd=/Users/yuvalaharonifabric/Repository/vmn-action, universal_newlines=False, shell=None, istream=None)
/Library/Frameworks/Python.framework/Versions/3.8/lib/python3.8/site-packages/git/cmd.py:814 => 2023-04-08 01:19:12 - [DEBUG] Popen(['git', 'rev-list', 'origin/main..main', '--'], cwd=/Users/yuvalaharonifabric/Repository/vmn-action, universal_newlines=False, shell=None, istream=None)
/Library/Frameworks/Python.framework/Versions/3.8/lib/python3.8/site-packages/version_stamp/vmn.py:1464 => 2023-04-08 01:19:12 - [INFO] 0.1.47
/Library/Frameworks/Python.framework/Versions/3.8/lib/python3.8/site-packages/filelock/_api.py:209 => 2023-04-08 01:19:12 - [DEBUG] Attempting to release lock 140253768751328 on /Users/yuvalaharonifabric/Repository/vmn-action/.vmn/vmn.lock
/Library/Frameworks/Python.framework/Versions/3.8/lib/python3.8/site-packages/filelock/_api.py:212 => 2023-04-08 01:19:12 - [DEBUG] Lock 140253768751328 released on /Users/yuvalaharonifabric/Repository/vmn-action/.vmn/vmn.lock
[DEBUG] 2023-04-16 10:59:30 /Library/Frameworks/Python.framework/Versions/3.8/lib/python3.8/site-packages/version_stamp/vmn.py:2823 =>

[1mCommand line: /Library/Frameworks/Python.framework/Versions/3.8/bin/vmn stamp -r patch vmna[0m
[DEBUG] 2023-04-16 10:59:30 /Library/Frameworks/Python.framework/Versions/3.8/lib/python3.8/site-packages/version_stamp/stamp_utils.py:146 =>
    --> Entering _vmn_run at /Library/Frameworks/Python.framework/Versions/3.8/lib/python3.8/site-packages/version_stamp/vmn.py:2847
[DEBUG] 2023-04-16 10:59:30 /Library/Frameworks/Python.framework/Versions/3.8/lib/python3.8/site-packages/version_stamp/stamp_utils.py:146 =>
      --> Entering __init__ at /Library/Frameworks/Python.framework/Versions/3.8/lib/python3.8/site-packages/version_stamp/vmn.py:55
[DEBUG] 2023-04-16 10:59:30 /Library/Frameworks/Python.framework/Versions/3.8/lib/python3.8/site-packages/version_stamp/stamp_utils.py:146 =>
        --> Entering __init__ at /Library/Frameworks/Python.framework/Versions/3.8/lib/python3.8/site-packages/version_stamp/vmn.py:717
[DEBUG] 2023-04-16 10:59:30 /Library/Frameworks/Python.framework/Versions/3.8/lib/python3.8/site-packages/version_stamp/stamp_utils.py:146 =>
          --> Entering __init__ at /Library/Frameworks/Python.framework/Versions/3.8/lib/python3.8/site-packages/version_stamp/vmn.py:84
[DEBUG] 2023-04-16 10:59:30 /Library/Frameworks/Python.framework/Versions/3.8/lib/python3.8/site-packages/version_stamp/stamp_utils.py:146 =>
            --> Entering get_client at /Library/Frameworks/Python.framework/Versions/3.8/lib/python3.8/site-packages/version_stamp/stamp_utils.py:1621
[DEBUG] 2023-04-16 10:59:30 /Library/Frameworks/Python.framework/Versions/3.8/lib/python3.8/site-packages/version_stamp/stamp_utils.py:146 =>
              --> Entering __init__ at /Library/Frameworks/Python.framework/Versions/3.8/lib/python3.8/site-packages/version_stamp/stamp_utils.py:660
[DEBUG] 2023-04-16 10:59:30 /Library/Frameworks/Python.framework/Versions/3.8/lib/python3.8/site-packages/version_stamp/stamp_utils.py:146 =>
                --> Entering initialize_git_backend at /Library/Frameworks/Python.framework/Versions/3.8/lib/python3.8/site-packages/version_stamp/stamp_utils.py:698
[DEBUG] 2023-04-16 10:59:30 /Library/Frameworks/Python.framework/Versions/3.8/lib/python3.8/site-packages/version_stamp/stamp_utils.py:158 =>
                <-- Exiting initialize_git_backend took 0.000285 seconds at /Library/Frameworks/Python.framework/Versions/3.8/lib/python3.8/site-packages/version_stamp/stamp_utils.py:698
[DEBUG] 2023-04-16 10:59:30 /Library/Frameworks/Python.framework/Versions/3.8/lib/python3.8/site-packages/version_stamp/stamp_utils.py:146 =>
                --> Entering add_git_user_cfg_if_missing at /Library/Frameworks/Python.framework/Versions/3.8/lib/python3.8/site-packages/version_stamp/stamp_utils.py:1151
[DEBUG] 2023-04-16 10:59:30 /Library/Frameworks/Python.framework/Versions/3.8/lib/python3.8/site-packages/version_stamp/stamp_utils.py:158 =>
                <-- Exiting add_git_user_cfg_if_missing took 0.000524 seconds at /Library/Frameworks/Python.framework/Versions/3.8/lib/python3.8/site-packages/version_stamp/stamp_utils.py:1151
[DEBUG] 2023-04-16 10:59:30 /Library/Frameworks/Python.framework/Versions/3.8/lib/python3.8/site-packages/version_stamp/stamp_utils.py:146 =>
                --> Entering get_active_branch at /Library/Frameworks/Python.framework/Versions/3.8/lib/python3.8/site-packages/version_stamp/stamp_utils.py:1295
[DEBUG] 2023-04-16 10:59:30 /Library/Frameworks/Python.framework/Versions/3.8/lib/python3.8/site-packages/version_stamp/stamp_utils.py:158 =>
                <-- Exiting get_active_branch took 0.000132 seconds at /Library/Frameworks/Python.framework/Versions/3.8/lib/python3.8/site-packages/version_stamp/stamp_utils.py:1295
[DEBUG] 2023-04-16 10:59:30 /Library/Frameworks/Python.framework/Versions/3.8/lib/python3.8/site-packages/version_stamp/stamp_utils.py:146 =>
                --> Entering get_remote_tracking_branch at /Library/Frameworks/Python.framework/Versions/3.8/lib/python3.8/site-packages/version_stamp/stamp_utils.py:1227
[DEBUG] 2023-04-16 10:59:30 /Library/Frameworks/Python.framework/Versions/3.8/lib/python3.8/site-packages/version_stamp/stamp_utils.py:88 =>
                git rev-parse --abbrev-ref --symbolic-full-name main@{u}
[DEBUG] 2023-04-16 10:59:30 /Library/Frameworks/Python.framework/Versions/3.8/lib/python3.8/site-packages/version_stamp/stamp_utils.py:119 =>
                return code: 0, git cmd took: 0.007419 seconds.
                stdout: origin/main
                stderr: 
[DEBUG] 2023-04-16 10:59:30 /Library/Frameworks/Python.framework/Versions/3.8/lib/python3.8/site-packages/version_stamp/stamp_utils.py:158 =>
                <-- Exiting get_remote_tracking_branch took 0.007817 seconds at /Library/Frameworks/Python.framework/Versions/3.8/lib/python3.8/site-packages/version_stamp/stamp_utils.py:1227
[DEBUG] 2023-04-16 10:59:30 /Library/Frameworks/Python.framework/Versions/3.8/lib/python3.8/site-packages/version_stamp/stamp_utils.py:158 =>
              <-- Exiting __init__ took 0.009936 seconds at /Library/Frameworks/Python.framework/Versions/3.8/lib/python3.8/site-packages/version_stamp/stamp_utils.py:660
[DEBUG] 2023-04-16 10:59:30 /Library/Frameworks/Python.framework/Versions/3.8/lib/python3.8/site-packages/version_stamp/stamp_utils.py:158 =>
            <-- Exiting get_client took 0.011082 seconds at /Library/Frameworks/Python.framework/Versions/3.8/lib/python3.8/site-packages/version_stamp/stamp_utils.py:1621
[DEBUG] 2023-04-16 10:59:30 /Library/Frameworks/Python.framework/Versions/3.8/lib/python3.8/site-packages/version_stamp/stamp_utils.py:146 =>
            --> Entering initialize_paths at /Library/Frameworks/Python.framework/Versions/3.8/lib/python3.8/site-packages/version_stamp/vmn.py:186
[DEBUG] 2023-04-16 10:59:30 /Library/Frameworks/Python.framework/Versions/3.8/lib/python3.8/site-packages/version_stamp/stamp_utils.py:158 =>
            <-- Exiting initialize_paths took 0.000055 seconds at /Library/Frameworks/Python.framework/Versions/3.8/lib/python3.8/site-packages/version_stamp/vmn.py:186
[DEBUG] 2023-04-16 10:59:30 /Library/Frameworks/Python.framework/Versions/3.8/lib/python3.8/site-packages/version_stamp/stamp_utils.py:146 =>
            --> Entering update_attrs_from_app_conf_file at /Library/Frameworks/Python.framework/Versions/3.8/lib/python3.8/site-packages/version_stamp/vmn.py:154
[DEBUG] 2023-04-16 10:59:30 /Library/Frameworks/Python.framework/Versions/3.8/lib/python3.8/site-packages/version_stamp/stamp_utils.py:158 =>
            <-- Exiting update_attrs_from_app_conf_file took 0.002273 seconds at /Library/Frameworks/Python.framework/Versions/3.8/lib/python3.8/site-packages/version_stamp/vmn.py:154
[DEBUG] 2023-04-16 10:59:30 /Library/Frameworks/Python.framework/Versions/3.8/lib/python3.8/site-packages/version_stamp/stamp_utils.py:146 =>
            --> Entering initialize_backend_attrs at /Library/Frameworks/Python.framework/Versions/3.8/lib/python3.8/site-packages/version_stamp/vmn.py:292
[DEBUG] 2023-04-16 10:59:30 /Library/Frameworks/Python.framework/Versions/3.8/lib/python3.8/site-packages/version_stamp/stamp_utils.py:146 =>
              --> Entering remote at /Library/Frameworks/Python.framework/Versions/3.8/lib/python3.8/site-packages/version_stamp/stamp_utils.py:1416
[DEBUG] 2023-04-16 10:59:30 /Library/Frameworks/Python.framework/Versions/3.8/lib/python3.8/site-packages/version_stamp/stamp_utils.py:88 =>
              git remote get-url --all origin
[DEBUG] 2023-04-16 10:59:30 /Library/Frameworks/Python.framework/Versions/3.8/lib/python3.8/site-packages/version_stamp/stamp_utils.py:119 =>
              return code: 0, git cmd took: 0.007194 seconds.
              stdout: https://github.com/progovoy/vmn-action.git
              stderr: 
[DEBUG] 2023-04-16 10:59:30 /Library/Frameworks/Python.framework/Versions/3.8/lib/python3.8/site-packages/version_stamp/stamp_utils.py:158 =>
              <-- Exiting remote took 0.007626 seconds at /Library/Frameworks/Python.framework/Versions/3.8/lib/python3.8/site-packages/version_stamp/stamp_utils.py:1416
[DEBUG] 2023-04-16 10:59:30 /Library/Frameworks/Python.framework/Versions/3.8/lib/python3.8/site-packages/version_stamp/stamp_utils.py:146 =>
              --> Entering initialize_configured_deps at /Library/Frameworks/Python.framework/Versions/3.8/lib/python3.8/site-packages/version_stamp/vmn.py:225
[DEBUG] 2023-04-16 10:59:30 /Library/Frameworks/Python.framework/Versions/3.8/lib/python3.8/site-packages/version_stamp/stamp_utils.py:158 =>
              <-- Exiting initialize_configured_deps took 0.000148 seconds at /Library/Frameworks/Python.framework/Versions/3.8/lib/python3.8/site-packages/version_stamp/vmn.py:225
[DEBUG] 2023-04-16 10:59:30 /Library/Frameworks/Python.framework/Versions/3.8/lib/python3.8/site-packages/version_stamp/stamp_utils.py:146 =>
              --> Entering last_user_changeset at /Library/Frameworks/Python.framework/Versions/3.8/lib/python3.8/site-packages/version_stamp/stamp_utils.py:1389
[DEBUG] 2023-04-16 10:59:30 /Library/Frameworks/Python.framework/Versions/3.8/lib/python3.8/site-packages/version_stamp/stamp_utils.py:88 =>
              git cat-file --batch-check
[DEBUG] 2023-04-16 10:59:30 /Library/Frameworks/Python.framework/Versions/3.8/lib/python3.8/site-packages/version_stamp/stamp_utils.py:119 =>
              return code: 0, git cmd took: 0.004856 seconds.
              stdout: 
              stderr: 
[DEBUG] 2023-04-16 10:59:30 /Library/Frameworks/Python.framework/Versions/3.8/lib/python3.8/site-packages/version_stamp/stamp_utils.py:88 =>
              git cat-file --batch
[DEBUG] 2023-04-16 10:59:30 /Library/Frameworks/Python.framework/Versions/3.8/lib/python3.8/site-packages/version_stamp/stamp_utils.py:119 =>
              return code: 0, git cmd took: 0.004676 seconds.
              stdout: 
              stderr: 
[DEBUG] 2023-04-16 10:59:30 /Library/Frameworks/Python.framework/Versions/3.8/lib/python3.8/site-packages/version_stamp/stamp_utils.py:158 =>
              <-- Exiting last_user_changeset took 0.015136 seconds at /Library/Frameworks/Python.framework/Versions/3.8/lib/python3.8/site-packages/version_stamp/stamp_utils.py:1389
[DEBUG] 2023-04-16 10:59:30 /Library/Frameworks/Python.framework/Versions/3.8/lib/python3.8/site-packages/version_stamp/stamp_utils.py:146 =>
              --> Entering get_actual_deps_state at /Library/Frameworks/Python.framework/Versions/3.8/lib/python3.8/site-packages/version_stamp/stamp_utils.py:1371
[DEBUG] 2023-04-16 10:59:30 /Library/Frameworks/Python.framework/Versions/3.8/lib/python3.8/site-packages/version_stamp/stamp_utils.py:146 =>
                --> Entering get_repo_details at /Library/Frameworks/Python.framework/Versions/3.8/lib/python3.8/site-packages/version_stamp/stamp_utils.py:719
[DEBUG] 2023-04-16 10:59:30 /Library/Frameworks/Python.framework/Versions/3.8/lib/python3.8/site-packages/version_stamp/stamp_utils.py:88 =>
                git cat-file --batch-check
[DEBUG] 2023-04-16 10:59:30 /Library/Frameworks/Python.framework/Versions/3.8/lib/python3.8/site-packages/version_stamp/stamp_utils.py:119 =>
                return code: 0, git cmd took: 0.004695 seconds.
                stdout: 
                stderr: 
[DEBUG] 2023-04-16 10:59:30 /Library/Frameworks/Python.framework/Versions/3.8/lib/python3.8/site-packages/version_stamp/stamp_utils.py:88 =>
                git remote get-url --all origin
[DEBUG] 2023-04-16 10:59:30 /Library/Frameworks/Python.framework/Versions/3.8/lib/python3.8/site-packages/version_stamp/stamp_utils.py:119 =>
                return code: 0, git cmd took: 0.007082 seconds.
                stdout: https://github.com/progovoy/vmn-action.git
                stderr: 
[DEBUG] 2023-04-16 10:59:30 /Library/Frameworks/Python.framework/Versions/3.8/lib/python3.8/site-packages/version_stamp/stamp_utils.py:158 =>
                <-- Exiting get_repo_details took 0.015965 seconds at /Library/Frameworks/Python.framework/Versions/3.8/lib/python3.8/site-packages/version_stamp/stamp_utils.py:719
[DEBUG] 2023-04-16 10:59:30 /Library/Frameworks/Python.framework/Versions/3.8/lib/python3.8/site-packages/version_stamp/stamp_utils.py:158 =>
              <-- Exiting get_actual_deps_state took 0.016139 seconds at /Library/Frameworks/Python.framework/Versions/3.8/lib/python3.8/site-packages/version_stamp/stamp_utils.py:1371
[DEBUG] 2023-04-16 10:59:30 /Library/Frameworks/Python.framework/Versions/3.8/lib/python3.8/site-packages/version_stamp/stamp_utils.py:146 =>
              --> Entering get_version_number_from_file at /Library/Frameworks/Python.framework/Versions/3.8/lib/python3.8/site-packages/version_stamp/vmn.py:808
[DEBUG] 2023-04-16 10:59:30 /Library/Frameworks/Python.framework/Versions/3.8/lib/python3.8/site-packages/version_stamp/stamp_utils.py:158 =>
              <-- Exiting get_version_number_from_file took 0.001053 seconds at /Library/Frameworks/Python.framework/Versions/3.8/lib/python3.8/site-packages/version_stamp/vmn.py:808
[DEBUG] 2023-04-16 10:59:30 /Library/Frameworks/Python.framework/Versions/3.8/lib/python3.8/site-packages/version_stamp/stamp_utils.py:146 =>
              --> Entering get_version_info_from_verstr at /Library/Frameworks/Python.framework/Versions/3.8/lib/python3.8/site-packages/version_stamp/vmn.py:248
[DEBUG] 2023-04-16 10:59:30 /Library/Frameworks/Python.framework/Versions/3.8/lib/python3.8/site-packages/version_stamp/stamp_utils.py:146 =>
                --> Entering get_tag_name at /Library/Frameworks/Python.framework/Versions/3.8/lib/python3.8/site-packages/version_stamp/vmn.py:284
[DEBUG] 2023-04-16 10:59:30 /Library/Frameworks/Python.framework/Versions/3.8/lib/python3.8/site-packages/version_stamp/stamp_utils.py:158 =>
                <-- Exiting get_tag_name took 0.000002 seconds at /Library/Frameworks/Python.framework/Versions/3.8/lib/python3.8/site-packages/version_stamp/vmn.py:284
[DEBUG] 2023-04-16 10:59:30 /Library/Frameworks/Python.framework/Versions/3.8/lib/python3.8/site-packages/version_stamp/stamp_utils.py:146 =>
                --> Entering deserialize_vmn_tag_name at /Library/Frameworks/Python.framework/Versions/3.8/lib/python3.8/site-packages/version_stamp/stamp_utils.py:551
[DEBUG] 2023-04-16 10:59:30 /Library/Frameworks/Python.framework/Versions/3.8/lib/python3.8/site-packages/version_stamp/stamp_utils.py:158 =>
                <-- Exiting deserialize_vmn_tag_name took 0.000624 seconds at /Library/Frameworks/Python.framework/Versions/3.8/lib/python3.8/site-packages/version_stamp/stamp_utils.py:551
[DEBUG] 2023-04-16 10:59:30 /Library/Frameworks/Python.framework/Versions/3.8/lib/python3.8/site-packages/version_stamp/stamp_utils.py:146 =>
                --> Entering get_tag_version_info at /Library/Frameworks/Python.framework/Versions/3.8/lib/python3.8/site-packages/version_stamp/stamp_utils.py:1533
[DEBUG] 2023-04-16 10:59:30 /Library/Frameworks/Python.framework/Versions/3.8/lib/python3.8/site-packages/version_stamp/stamp_utils.py:146 =>
                  --> Entering get_commit_object_from_tag_name at /Library/Frameworks/Python.framework/Versions/3.8/lib/python3.8/site-packages/version_stamp/stamp_utils.py:1601
[DEBUG] 2023-04-16 10:59:30 /Library/Frameworks/Python.framework/Versions/3.8/lib/python3.8/site-packages/version_stamp/stamp_utils.py:158 =>
                  <-- Exiting get_commit_object_from_tag_name took 0.000591 seconds at /Library/Frameworks/Python.framework/Versions/3.8/lib/python3.8/site-packages/version_stamp/stamp_utils.py:1601
[DEBUG] 2023-04-16 10:59:30 /Library/Frameworks/Python.framework/Versions/3.8/lib/python3.8/site-packages/version_stamp/stamp_utils.py:146 =>
                  --> Entering get_all_brother_tags at /Library/Frameworks/Python.framework/Versions/3.8/lib/python3.8/site-packages/version_stamp/stamp_utils.py:1133
[DEBUG] 2023-04-16 10:59:30 /Library/Frameworks/Python.framework/Versions/3.8/lib/python3.8/site-packages/version_stamp/stamp_utils.py:146 =>
                    --> Entering changeset at /Library/Frameworks/Python.framework/Versions/3.8/lib/python3.8/site-packages/version_stamp/stamp_utils.py:1425
[DEBUG] 2023-04-16 10:59:30 /Library/Frameworks/Python.framework/Versions/3.8/lib/python3.8/site-packages/version_stamp/stamp_utils.py:158 =>
                    <-- Exiting changeset took 0.000165 seconds at /Library/Frameworks/Python.framework/Versions/3.8/lib/python3.8/site-packages/version_stamp/stamp_utils.py:1425
[DEBUG] 2023-04-16 10:59:30 /Library/Frameworks/Python.framework/Versions/3.8/lib/python3.8/site-packages/version_stamp/stamp_utils.py:146 =>
                    --> Entering get_all_commit_tags at /Library/Frameworks/Python.framework/Versions/3.8/lib/python3.8/site-packages/version_stamp/stamp_utils.py:1108
[DEBUG] 2023-04-16 10:59:30 /Library/Frameworks/Python.framework/Versions/3.8/lib/python3.8/site-packages/version_stamp/stamp_utils.py:88 =>
                    git tag --points-at 3e54cfe752ccf539607f50617ed10f6e8127225c
[DEBUG] 2023-04-16 10:59:30 /Library/Frameworks/Python.framework/Versions/3.8/lib/python3.8/site-packages/version_stamp/stamp_utils.py:119 =>
                    return code: 0, git cmd took: 0.009578 seconds.
                    stdout: vmna_0.1.47
                    stderr: 
[DEBUG] 2023-04-16 10:59:30 /Library/Frameworks/Python.framework/Versions/3.8/lib/python3.8/site-packages/version_stamp/stamp_utils.py:146 =>
                      --> Entering parse_tag_message at /Library/Frameworks/Python.framework/Versions/3.8/lib/python3.8/site-packages/version_stamp/stamp_utils.py:1555
[DEBUG] 2023-04-16 10:59:30 /Library/Frameworks/Python.framework/Versions/3.8/lib/python3.8/site-packages/version_stamp/stamp_utils.py:146 =>
                        --> Entering get_tag_object_from_tag_name at /Library/Frameworks/Python.framework/Versions/3.8/lib/python3.8/site-packages/version_stamp/stamp_utils.py:1038
[DEBUG] 2023-04-16 10:59:30 /Library/Frameworks/Python.framework/Versions/3.8/lib/python3.8/site-packages/version_stamp/stamp_utils.py:158 =>
                        <-- Exiting get_tag_object_from_tag_name took 0.000583 seconds at /Library/Frameworks/Python.framework/Versions/3.8/lib/python3.8/site-packages/version_stamp/stamp_utils.py:1038
[DEBUG] 2023-04-16 10:59:30 /Library/Frameworks/Python.framework/Versions/3.8/lib/python3.8/site-packages/version_stamp/stamp_utils.py:158 =>
                      <-- Exiting parse_tag_message took 0.002890 seconds at /Library/Frameworks/Python.framework/Versions/3.8/lib/python3.8/site-packages/version_stamp/stamp_utils.py:1555
[DEBUG] 2023-04-16 10:59:30 /Library/Frameworks/Python.framework/Versions/3.8/lib/python3.8/site-packages/version_stamp/stamp_utils.py:158 =>
                    <-- Exiting get_all_commit_tags took 0.013010 seconds at /Library/Frameworks/Python.framework/Versions/3.8/lib/python3.8/site-packages/version_stamp/stamp_utils.py:1108
[DEBUG] 2023-04-16 10:59:30 /Library/Frameworks/Python.framework/Versions/3.8/lib/python3.8/site-packages/version_stamp/stamp_utils.py:158 =>
                  <-- Exiting get_all_brother_tags took 0.013419 seconds at /Library/Frameworks/Python.framework/Versions/3.8/lib/python3.8/site-packages/version_stamp/stamp_utils.py:1133
[DEBUG] 2023-04-16 10:59:30 /Library/Frameworks/Python.framework/Versions/3.8/lib/python3.8/site-packages/version_stamp/stamp_utils.py:146 =>
                  --> Entering enhance_ver_info at /Library/Frameworks/Python.framework/Versions/3.8/lib/python3.8/site-packages/version_stamp/stamp_utils.py:528
[DEBUG] 2023-04-16 10:59:30 /Library/Frameworks/Python.framework/Versions/3.8/lib/python3.8/site-packages/version_stamp/stamp_utils.py:146 =>
                    --> Entering deserialize_vmn_tag_name at /Library/Frameworks/Python.framework/Versions/3.8/lib/python3.8/site-packages/version_stamp/stamp_utils.py:551
[DEBUG] 2023-04-16 10:59:30 /Library/Frameworks/Python.framework/Versions/3.8/lib/python3.8/site-packages/version_stamp/stamp_utils.py:158 =>
                    <-- Exiting deserialize_vmn_tag_name took 0.000026 seconds at /Library/Frameworks/Python.framework/Versions/3.8/lib/python3.8/site-packages/version_stamp/stamp_utils.py:551
[DEBUG] 2023-04-16 10:59:30 /Library/Frameworks/Python.framework/Versions/3.8/lib/python3.8/site-packages/version_stamp/stamp_utils.py:158 =>
                  <-- Exiting enhance_ver_info took 0.000141 seconds at /Library/Frameworks/Python.framework/Versions/3.8/lib/python3.8/site-packages/version_stamp/stamp_utils.py:528
[DEBUG] 2023-04-16 10:59:30 /Library/Frameworks/Python.framework/Versions/3.8/lib/python3.8/site-packages/version_stamp/stamp_utils.py:158 =>
                <-- Exiting get_tag_version_info took 0.014643 seconds at /Library/Frameworks/Python.framework/Versions/3.8/lib/python3.8/site-packages/version_stamp/stamp_utils.py:1533
[DEBUG] 2023-04-16 10:59:30 /Library/Frameworks/Python.framework/Versions/3.8/lib/python3.8/site-packages/version_stamp/stamp_utils.py:146 =>
                --> Entering enhance_ver_info at /Library/Frameworks/Python.framework/Versions/3.8/lib/python3.8/site-packages/version_stamp/stamp_utils.py:528
[DEBUG] 2023-04-16 10:59:30 /Library/Frameworks/Python.framework/Versions/3.8/lib/python3.8/site-packages/version_stamp/stamp_utils.py:146 =>
                  --> Entering deserialize_vmn_tag_name at /Library/Frameworks/Python.framework/Versions/3.8/lib/python3.8/site-packages/version_stamp/stamp_utils.py:551
[DEBUG] 2023-04-16 10:59:30 /Library/Frameworks/Python.framework/Versions/3.8/lib/python3.8/site-packages/version_stamp/stamp_utils.py:158 =>
                  <-- Exiting deserialize_vmn_tag_name took 0.000007 seconds at /Library/Frameworks/Python.framework/Versions/3.8/lib/python3.8/site-packages/version_stamp/stamp_utils.py:551
[DEBUG] 2023-04-16 10:59:30 /Library/Frameworks/Python.framework/Versions/3.8/lib/python3.8/site-packages/version_stamp/stamp_utils.py:158 =>
                <-- Exiting enhance_ver_info took 0.000110 seconds at /Library/Frameworks/Python.framework/Versions/3.8/lib/python3.8/site-packages/version_stamp/stamp_utils.py:528
[DEBUG] 2023-04-16 10:59:30 /Library/Frameworks/Python.framework/Versions/3.8/lib/python3.8/site-packages/version_stamp/stamp_utils.py:158 =>
              <-- Exiting get_version_info_from_verstr took 0.015841 seconds at /Library/Frameworks/Python.framework/Versions/3.8/lib/python3.8/site-packages/version_stamp/vmn.py:248
[DEBUG] 2023-04-16 10:59:30 /Library/Frameworks/Python.framework/Versions/3.8/lib/python3.8/site-packages/version_stamp/stamp_utils.py:146 =>
              --> Entering get_tag_name at /Library/Frameworks/Python.framework/Versions/3.8/lib/python3.8/site-packages/version_stamp/vmn.py:284
[DEBUG] 2023-04-16 10:59:30 /Library/Frameworks/Python.framework/Versions/3.8/lib/python3.8/site-packages/version_stamp/stamp_utils.py:158 =>
              <-- Exiting get_tag_name took 0.000001 seconds at /Library/Frameworks/Python.framework/Versions/3.8/lib/python3.8/site-packages/version_stamp/vmn.py:284
[DEBUG] 2023-04-16 10:59:30 /Library/Frameworks/Python.framework/Versions/3.8/lib/python3.8/site-packages/version_stamp/stamp_utils.py:158 =>
            <-- Exiting initialize_backend_attrs took 0.057701 seconds at /Library/Frameworks/Python.framework/Versions/3.8/lib/python3.8/site-packages/version_stamp/vmn.py:292
[DEBUG] 2023-04-16 10:59:30 /Library/Frameworks/Python.framework/Versions/3.8/lib/python3.8/site-packages/version_stamp/stamp_utils.py:158 =>
          <-- Exiting __init__ took 0.071665 seconds at /Library/Frameworks/Python.framework/Versions/3.8/lib/python3.8/site-packages/version_stamp/vmn.py:84
[DEBUG] 2023-04-16 10:59:30 /Library/Frameworks/Python.framework/Versions/3.8/lib/python3.8/site-packages/version_stamp/stamp_utils.py:158 =>
        <-- Exiting __init__ took 0.071784 seconds at /Library/Frameworks/Python.framework/Versions/3.8/lib/python3.8/site-packages/version_stamp/vmn.py:717
[DEBUG] 2023-04-16 10:59:30 /Library/Frameworks/Python.framework/Versions/3.8/lib/python3.8/site-packages/version_stamp/stamp_utils.py:158 =>
      <-- Exiting __init__ took 0.072059 seconds at /Library/Frameworks/Python.framework/Versions/3.8/lib/python3.8/site-packages/version_stamp/vmn.py:55
[DEBUG] 2023-04-16 10:59:30 /Library/Frameworks/Python.framework/Versions/3.8/lib/python3.8/site-packages/version_stamp/stamp_utils.py:146 =>
      --> Entering prepare_for_remote_operation at /Library/Frameworks/Python.framework/Versions/3.8/lib/python3.8/site-packages/version_stamp/stamp_utils.py:1256
[DEBUG] 2023-04-16 10:59:30 /Library/Frameworks/Python.framework/Versions/3.8/lib/python3.8/site-packages/version_stamp/stamp_utils.py:158 =>
      <-- Exiting prepare_for_remote_operation took 0.000003 seconds at /Library/Frameworks/Python.framework/Versions/3.8/lib/python3.8/site-packages/version_stamp/stamp_utils.py:1256
[DEBUG] 2023-04-16 10:59:30 /Library/Frameworks/Python.framework/Versions/3.8/lib/python3.8/site-packages/version_stamp/stamp_utils.py:146 =>
      --> Entering handle_stamp at /Library/Frameworks/Python.framework/Versions/3.8/lib/python3.8/site-packages/version_stamp/vmn.py:1434
[DEBUG] 2023-04-16 10:59:30 /Library/Frameworks/Python.framework/Versions/3.8/lib/python3.8/site-packages/version_stamp/stamp_utils.py:146 =>
        --> Entering _get_repo_status at /Library/Frameworks/Python.framework/Versions/3.8/lib/python3.8/site-packages/version_stamp/vmn.py:1744
[DEBUG] 2023-04-16 10:59:30 /Library/Frameworks/Python.framework/Versions/3.8/lib/python3.8/site-packages/version_stamp/stamp_utils.py:146 =>
          --> Entering check_for_pending_changes at /Library/Frameworks/Python.framework/Versions/3.8/lib/python3.8/site-packages/version_stamp/stamp_utils.py:1162
[DEBUG] 2023-04-16 10:59:30 /Library/Frameworks/Python.framework/Versions/3.8/lib/python3.8/site-packages/version_stamp/stamp_utils.py:88 =>
          git diff --cached --abbrev=40 --full-index --raw
[DEBUG] 2023-04-16 10:59:30 /Library/Frameworks/Python.framework/Versions/3.8/lib/python3.8/site-packages/version_stamp/stamp_utils.py:119 =>
          return code: 0, git cmd took: 0.009080 seconds.
          stdout: 
          stderr: 
[DEBUG] 2023-04-16 10:59:30 /Library/Frameworks/Python.framework/Versions/3.8/lib/python3.8/site-packages/version_stamp/stamp_utils.py:88 =>
          git diff --abbrev=40 --full-index --raw
[DEBUG] 2023-04-16 10:59:30 /Library/Frameworks/Python.framework/Versions/3.8/lib/python3.8/site-packages/version_stamp/stamp_utils.py:119 =>
          return code: 0, git cmd took: 0.009672 seconds.
          stdout: :100644 100644 3dcb970081e2264423af70d134159c56161ef203 0000000000000000000000000000000000000000 M	.vmn/global_vmn.log
          stderr: 
[DEBUG] 2023-04-16 10:59:30 /Library/Frameworks/Python.framework/Versions/3.8/lib/python3.8/site-packages/version_stamp/stamp_utils.py:146 =>
            --> Entering root at /Library/Frameworks/Python.framework/Versions/3.8/lib/python3.8/site-packages/version_stamp/stamp_utils.py:829
[DEBUG] 2023-04-16 10:59:30 /Library/Frameworks/Python.framework/Versions/3.8/lib/python3.8/site-packages/version_stamp/stamp_utils.py:158 =>
            <-- Exiting root took 0.000001 seconds at /Library/Frameworks/Python.framework/Versions/3.8/lib/python3.8/site-packages/version_stamp/stamp_utils.py:829
[DEBUG] 2023-04-16 10:59:30 /Library/Frameworks/Python.framework/Versions/3.8/lib/python3.8/site-packages/version_stamp/stamp_utils.py:158 =>
          <-- Exiting check_for_pending_changes took 0.019976 seconds at /Library/Frameworks/Python.framework/Versions/3.8/lib/python3.8/site-packages/version_stamp/stamp_utils.py:1162
[DEBUG] 2023-04-16 10:59:30 /Library/Frameworks/Python.framework/Versions/3.8/lib/python3.8/site-packages/version_stamp/stamp_utils.py:146 =>
          --> Entering check_for_outgoing_changes at /Library/Frameworks/Python.framework/Versions/3.8/lib/python3.8/site-packages/version_stamp/stamp_utils.py:1170
[DEBUG] 2023-04-16 10:59:30 /Library/Frameworks/Python.framework/Versions/3.8/lib/python3.8/site-packages/version_stamp/stamp_utils.py:88 =>
          git rev-parse --verify origin/main
[DEBUG] 2023-04-16 10:59:30 /Library/Frameworks/Python.framework/Versions/3.8/lib/python3.8/site-packages/version_stamp/stamp_utils.py:119 =>
          return code: 0, git cmd took: 0.007835 seconds.
          stdout: 65fecdc4531cb39ad0d264dad71282aa9c3a9364
          stderr: 
[DEBUG] 2023-04-16 10:59:30 /Library/Frameworks/Python.framework/Versions/3.8/lib/python3.8/site-packages/version_stamp/stamp_utils.py:88 =>
          git rev-list origin/main..main --
[DEBUG] 2023-04-16 10:59:30 /Library/Frameworks/Python.framework/Versions/3.8/lib/python3.8/site-packages/version_stamp/stamp_utils.py:119 =>
          return code: 0, git cmd took: 0.005013 seconds.
          stdout: 
          stderr: 
[DEBUG] 2023-04-16 10:59:30 /Library/Frameworks/Python.framework/Versions/3.8/lib/python3.8/site-packages/version_stamp/stamp_utils.py:158 =>
          <-- Exiting check_for_outgoing_changes took 0.016595 seconds at /Library/Frameworks/Python.framework/Versions/3.8/lib/python3.8/site-packages/version_stamp/stamp_utils.py:1170
[DEBUG] 2023-04-16 10:59:30 /Library/Frameworks/Python.framework/Versions/3.8/lib/python3.8/site-packages/version_stamp/stamp_utils.py:146 =>
          --> Entering get_version_number_from_file at /Library/Frameworks/Python.framework/Versions/3.8/lib/python3.8/site-packages/version_stamp/vmn.py:808
[DEBUG] 2023-04-16 10:59:30 /Library/Frameworks/Python.framework/Versions/3.8/lib/python3.8/site-packages/version_stamp/stamp_utils.py:158 =>
          <-- Exiting get_version_number_from_file took 0.000688 seconds at /Library/Frameworks/Python.framework/Versions/3.8/lib/python3.8/site-packages/version_stamp/vmn.py:808
[DEBUG] 2023-04-16 10:59:30 /Library/Frameworks/Python.framework/Versions/3.8/lib/python3.8/site-packages/version_stamp/stamp_utils.py:146 =>
          --> Entering find_matching_version at /Library/Frameworks/Python.framework/Versions/3.8/lib/python3.8/site-packages/version_stamp/vmn.py:721
[DEBUG] 2023-04-16 10:59:30 /Library/Frameworks/Python.framework/Versions/3.8/lib/python3.8/site-packages/version_stamp/stamp_utils.py:146 =>
            --> Entering serialize_vmn_tag_name at /Library/Frameworks/Python.framework/Versions/3.8/lib/python3.8/site-packages/version_stamp/stamp_utils.py:360
[DEBUG] 2023-04-16 10:59:30 /Library/Frameworks/Python.framework/Versions/3.8/lib/python3.8/site-packages/version_stamp/stamp_utils.py:158 =>
            <-- Exiting serialize_vmn_tag_name took 0.000032 seconds at /Library/Frameworks/Python.framework/Versions/3.8/lib/python3.8/site-packages/version_stamp/stamp_utils.py:360
[DEBUG] 2023-04-16 10:59:30 /Library/Frameworks/Python.framework/Versions/3.8/lib/python3.8/site-packages/version_stamp/stamp_utils.py:146 =>
            --> Entering deserialize_vmn_tag_name at /Library/Frameworks/Python.framework/Versions/3.8/lib/python3.8/site-packages/version_stamp/stamp_utils.py:551
[DEBUG] 2023-04-16 10:59:30 /Library/Frameworks/Python.framework/Versions/3.8/lib/python3.8/site-packages/version_stamp/stamp_utils.py:158 =>
            <-- Exiting deserialize_vmn_tag_name took 0.000011 seconds at /Library/Frameworks/Python.framework/Versions/3.8/lib/python3.8/site-packages/version_stamp/stamp_utils.py:551
[DEBUG] 2023-04-16 10:59:30 /Library/Frameworks/Python.framework/Versions/3.8/lib/python3.8/site-packages/version_stamp/stamp_utils.py:146 =>
            --> Entering serialize_vmn_tag_name at /Library/Frameworks/Python.framework/Versions/3.8/lib/python3.8/site-packages/version_stamp/stamp_utils.py:360
[DEBUG] 2023-04-16 10:59:30 /Library/Frameworks/Python.framework/Versions/3.8/lib/python3.8/site-packages/version_stamp/stamp_utils.py:158 =>
            <-- Exiting serialize_vmn_tag_name took 0.000008 seconds at /Library/Frameworks/Python.framework/Versions/3.8/lib/python3.8/site-packages/version_stamp/stamp_utils.py:360
[DEBUG] 2023-04-16 10:59:30 /Library/Frameworks/Python.framework/Versions/3.8/lib/python3.8/site-packages/version_stamp/stamp_utils.py:146 =>
            --> Entering last_user_changeset at /Library/Frameworks/Python.framework/Versions/3.8/lib/python3.8/site-packages/version_stamp/stamp_utils.py:1389
[DEBUG] 2023-04-16 10:59:30 /Library/Frameworks/Python.framework/Versions/3.8/lib/python3.8/site-packages/version_stamp/stamp_utils.py:158 =>
            <-- Exiting last_user_changeset took 0.000474 seconds at /Library/Frameworks/Python.framework/Versions/3.8/lib/python3.8/site-packages/version_stamp/stamp_utils.py:1389
[DEBUG] 2023-04-16 10:59:30 /Library/Frameworks/Python.framework/Versions/3.8/lib/python3.8/site-packages/version_stamp/stamp_utils.py:158 =>
          <-- Exiting find_matching_version took 0.001036 seconds at /Library/Frameworks/Python.framework/Versions/3.8/lib/python3.8/site-packages/version_stamp/vmn.py:721
[ERROR] 2023-04-16 10:59:30 /Library/Frameworks/Python.framework/Versions/3.8/lib/python3.8/site-packages/version_stamp/vmn.py:1958 =>
Pending changes in /Users/yuvalaharonifabric/Repository/vmn-action.
[ERROR] 2023-04-16 10:59:30 /Library/Frameworks/Python.framework/Versions/3.8/lib/python3.8/site-packages/version_stamp/vmn.py:1960 =>
Repository status is in unexpected state:
{'modified', 'pending', 'detached'}
versus optional:
{'modified', 'detached'}
[DEBUG] 2023-04-16 10:59:30 /Library/Frameworks/Python.framework/Versions/3.8/lib/python3.8/site-packages/version_stamp/stamp_utils.py:158 =>
        <-- Exiting _get_repo_status took 0.039300 seconds at /Library/Frameworks/Python.framework/Versions/3.8/lib/python3.8/site-packages/version_stamp/vmn.py:1744
[DEBUG] 2023-04-16 10:59:30 /Library/Frameworks/Python.framework/Versions/3.8/lib/python3.8/site-packages/version_stamp/vmn.py:1468 =>
Error occured when getting the repo status: {'pending': True, 'detached': False, 'outgoing': False, 'state': {'repos_exist_locally', 'repo_tracked', 'modified', 'app_tracked', 'pending', 'deps_synced_with_conf'}, 'error': True, 'repos_exist_locally': True, 'deps_synced_with_conf': True, 'repo_tracked': True, 'app_tracked': True, 'modified': True, 'dirty_deps': False, 'err_msgs': {'dirty_deps': '', 'deps_synced_with_conf': '', 'repo_tracked': 'vmn repo tracking is already initialized', 'app_tracked': 'vmn app tracking is already initialized', 'pending': 'Pending changes in /Users/yuvalaharonifabric/Repository/vmn-action.'}, 'repos': {}, 'matched_version_info': None, 'local_repos_diff': set()}
NoneType: None
[DEBUG] 2023-04-16 10:59:30 /Library/Frameworks/Python.framework/Versions/3.8/lib/python3.8/site-packages/version_stamp/stamp_utils.py:158 =>
      <-- Exiting handle_stamp took 0.039629 seconds at /Library/Frameworks/Python.framework/Versions/3.8/lib/python3.8/site-packages/version_stamp/vmn.py:1434
[DEBUG] 2023-04-16 10:59:30 /Library/Frameworks/Python.framework/Versions/3.8/lib/python3.8/site-packages/version_stamp/stamp_utils.py:158 =>
    <-- Exiting _vmn_run took 0.112044 seconds at /Library/Frameworks/Python.framework/Versions/3.8/lib/python3.8/site-packages/version_stamp/vmn.py:2847
[DEBUG] 2023-04-16 10:59:30 /Library/Frameworks/Python.framework/Versions/3.8/lib/python3.8/site-packages/filelock/_api.py:209 =>
Attempting to release lock 140370675373680 on /Users/yuvalaharonifabric/Repository/vmn-action/.vmn/vmn.lock
[DEBUG] 2023-04-16 10:59:30 /Library/Frameworks/Python.framework/Versions/3.8/lib/python3.8/site-packages/filelock/_api.py:212 =>
Lock 140370675373680 released on /Users/yuvalaharonifabric/Repository/vmn-action/.vmn/vmn.lock
[DEBUG] 2023-04-16 10:59:30 /Library/Frameworks/Python.framework/Versions/3.8/lib/python3.8/site-packages/version_stamp/stamp_utils.py:158 =>
  <-- Exiting vmn_run took 0.116392 seconds at /Library/Frameworks/Python.framework/Versions/3.8/lib/python3.8/site-packages/version_stamp/vmn.py:2773
[DEBUG] 2023-04-16 10:59:30 /Library/Frameworks/Python.framework/Versions/3.8/lib/python3.8/site-packages/version_stamp/stamp_utils.py:158 =>
<-- Exiting main took 0.116891 seconds at /Library/Frameworks/Python.framework/Versions/3.8/lib/python3.8/site-packages/version_stamp/vmn.py:2763
